<?xml version="1.0" encoding="UTF-8"?>
<!-- Generated by org.testng.reporters.JUnitReportReporter -->
<testsuite skipped="0" hostname="FULL271-WIN" name="annotationsPractice.TrialAnnotatePrgm" tests="1" failures="0" timestamp="17 Oct 2018 18:04:28 GMT" time="0.012" errors="0">
  <testcase name="display" time="0.012" classname="annotationsPractice.TrialAnnotatePrgm"/>
</testsuite> <!-- annotationsPractice.TrialAnnotatePrgm -->
