<?xml version="1.0" encoding="UTF-8"?>
<!-- Generated by org.testng.reporters.JUnitReportReporter -->
<testsuite skipped="0" hostname="FULL271-WIN" name="testNGPractice.SwitchBoard" tests="2" failures="0" timestamp="22 Oct 2018 11:56:10 GMT" time="3.003" errors="0">
  <testcase name="verifyHomepageTitle" time="0.032" classname="testNGPractice.SwitchBoard"/>
  <testcase name="SwitchboardMessage" time="2.971" classname="testNGPractice.SwitchBoard"/>
</testsuite> <!-- testNGPractice.SwitchBoard -->
