<?xml version="1.0" encoding="UTF-8"?>
<!-- Generated by org.testng.reporters.JUnitReportReporter -->
<testsuite skipped="0" hostname="FULL271-WIN" name="testNGPractice.RunInChromeBrowser" tests="2" failures="0" timestamp="16 Oct 2018 09:13:37 GMT" time="30.238" errors="0">
  <testcase name="getChrome" time="13.711" classname="testNGPractice.RunInChromeBrowser"/>
  <testcase name="getChrome1" time="16.527" classname="testNGPractice.RunInChromeBrowser"/>
</testsuite> <!-- testNGPractice.RunInChromeBrowser -->
