<?xml version="1.0" encoding="UTF-8"?>
<!-- Generated by org.testng.reporters.JUnitReportReporter -->
<testsuite skipped="0" hostname="FULL271-WIN" name="testNGPractice.RunInMozillaBrowser" tests="1" failures="0" timestamp="16 Oct 2018 07:21:41 GMT" time="12.889" errors="0">
  <testcase name="launchbrowser" time="12.889" classname="testNGPractice.RunInMozillaBrowser"/>
</testsuite> <!-- testNGPractice.RunInMozillaBrowser -->
