<?xml version="1.0" encoding="UTF-8"?>
<!-- Generated by org.testng.reporters.JUnitReportReporter -->
<testsuite skipped="0" hostname="FULL271-WIN" name="testNGPractice.ThirdTestNGProgram" tests="1" failures="0" timestamp="15 Oct 2018 13:25:01 GMT" time="0.012" errors="0">
  <testcase name="test3" time="0.012" classname="testNGPractice.ThirdTestNGProgram"/>
</testsuite> <!-- testNGPractice.ThirdTestNGProgram -->
