<?xml version="1.0" encoding="UTF-8"?>
<!-- Generated by org.testng.reporters.JUnitReportReporter -->
<testsuite skipped="0" hostname="FULL271-WIN" name="testNGPractice.SwitchUsingLoop" tests="1" failures="0" timestamp="18 Oct 2018 11:28:23 GMT" time="24.297" errors="0">
  <testcase name="SwitchTabs" time="24.297" classname="testNGPractice.SwitchUsingLoop"/>
</testsuite> <!-- testNGPractice.SwitchUsingLoop -->
