<?xml version="1.0" encoding="UTF-8"?>
<!-- Generated by org.testng.reporters.JUnitReportReporter -->
<testsuite skipped="0" hostname="FULL271-WIN" name="testNGPractice.ParallelProgram" tests="2" failures="0" timestamp="17 Oct 2018 13:37:26 GMT" time="26.919" errors="0">
  <testcase name="getChrome" time="14.931" classname="testNGPractice.ParallelProgram"/>
  <testcase name="getWindow" time="11.988" classname="testNGPractice.ParallelProgram"/>
</testsuite> <!-- testNGPractice.ParallelProgram -->
