<?xml version="1.0" encoding="UTF-8"?>
<!-- Generated by org.testng.reporters.JUnitReportReporter -->
<testsuite skipped="0" hostname="FULL271-WIN" name="annotationsPractice.FirstAnnotatePgrm" tests="2" failures="0" timestamp="18 Oct 2018 11:56:12 GMT" time="0.010" errors="0">
  <testcase name="print1" time="0.007" classname="annotationsPractice.FirstAnnotatePgrm"/>
  <testcase name="print" time="0.003" classname="annotationsPractice.FirstAnnotatePgrm"/>
</testsuite> <!-- annotationsPractice.FirstAnnotatePgrm -->
