<?xml version="1.0" encoding="UTF-8"?>
<!-- Generated by org.testng.reporters.JUnitReportReporter -->
<testsuite skipped="1" hostname="FULL271-WIN" name="testNGPractice.FirstTestNGProgram" tests="2" failures="0" timestamp="22 Oct 2018 09:27:10 GMT" time="0.000" errors="0">
  <testcase name="test3" time="0.000" classname="testNGPractice.FirstTestNGProgram"/>
  <testcase name="test4" classname="testNGPractice.FirstTestNGProgram">
    <skipped/>
  </testcase> <!-- test4 -->
</testsuite> <!-- testNGPractice.FirstTestNGProgram -->
