<?xml version="1.0" encoding="UTF-8"?>
<!-- Generated by org.testng.reporters.JUnitReportReporter -->
<testsuite skipped="0" hostname="FULL271-WIN" name="testNGPractice.SecondTestNGProgram" tests="1" failures="0" timestamp="15 Oct 2018 12:43:39 GMT" time="0.008" errors="0">
  <testcase name="test" time="0.008" classname="testNGPractice.SecondTestNGProgram"/>
</testsuite> <!-- testNGPractice.SecondTestNGProgram -->
